<?xml version="1.0" encoding="UTF-8"?>
<!-- Generated by org.testng.reporters.JUnitReportReporter -->
<testsuite hostname="DESKTOP-U0K9IKR" failures="0" tests="1" name="testcase.MyFirstTest1" time="19.526" errors="0" timestamp="2023-10-09T11:42:51 IST" skipped="0">
  <testcase classname="testcase.MyFirstTest1" name="LoginTest" time="19.526"/>
</testsuite> <!-- testcase.MyFirstTest1 -->
