<?xml version="1.0" encoding="UTF-8"?>
<!-- Generated by org.testng.reporters.JUnitReportReporter -->
<testsuite hostname="DESKTOP-U0K9IKR" failures="0" tests="1" name="testcase.MySecond" time="15.612" errors="0" timestamp="2023-10-09T12:04:50 IST" skipped="0">
  <testcase classname="testcase.MySecond" name="LoginTest1" time="15.612"/>
</testsuite> <!-- testcase.MySecond -->
